2026-07-01 16:28:13 | INFO | ML | === RUN START ===
2026-07-01 16:28:13 | INFO | ML | project=ML
2026-07-01 16:28:13 | INFO | ML | repo_dir=ml-01-intro
2026-07-01 16:28:13 | INFO | ML | python=3.14.4
2026-07-01 16:28:13 | INFO | ML | os=Windows 11
2026-07-01 16:28:13 | INFO | ML | shell=powershell
2026-07-01 16:28:13 | INFO | ML | cwd=.
2026-07-01 16:28:13 | INFO | ML | github_actions=False
2026-07-01 16:28:13 | INFO | ML | === RUN START ===
2026-07-01 16:28:13 | INFO | ML | project=ML
2026-07-01 16:28:13 | INFO | ML | repo_dir=ml-01-intro
2026-07-01 16:28:13 | INFO | ML | python=3.14.4
2026-07-01 16:28:13 | INFO | ML | os=Windows 11
2026-07-01 16:28:13 | INFO | ML | shell=powershell
2026-07-01 16:28:13 | INFO | ML | cwd=.
2026-07-01 16:28:13 | INFO | ML | github_actions=False
2026-07-01 16:28:13 | INFO | ML | ========================
2026-07-01 16:28:13 | INFO | ML | START main()
2026-07-01 16:28:13 | INFO | ML | ========================
2026-07-01 16:28:13 | INFO | ML | Load dataset..............
2026-07-01 16:28:13 | INFO | ML | Loading dataset: hours_scores_case
2026-07-01 16:28:13 | INFO | ML | Loaded: 10 rows, 6 columns
2026-07-01 16:28:13 | DEBUG | ML | 
   hours_studied  practice_quizzes  attendance_pct  sleep_hours  prior_score  score
0            2.0                 1              72          6.0           58     62
1            3.5                 2              80          6.5           61     68
2            4.0                 3              85          7.0           64     72
3            5.0                 3              88          7.5           66     76
4            6.0                 4              90          7.0           70     81
2026-07-01 16:28:13 | INFO | ML | Inspect dataset...........
2026-07-01 16:28:13 | INFO | ML | Column names
2026-07-01 16:28:13 | DEBUG | ML | ['hours_studied', 'practice_quizzes', 'attendance_pct', 'sleep_hours', 'prior_score', 'score']
2026-07-01 16:28:13 | INFO | ML | DataFrame info
2026-07-01 16:28:13 | INFO | ML | Dataset shape: 10 rows, 6 columns
2026-07-01 16:28:13 | INFO | ML | Check data quality........
2026-07-01 16:28:13 | INFO | ML | Missing values by column
2026-07-01 16:28:13 | DEBUG | ML | 
hours_studied       0
practice_quizzes    0
attendance_pct      0
sleep_hours         0
prior_score         0
score               0
dtype: int64
2026-07-01 16:28:13 | INFO | ML | Duplicate row count: 0
2026-07-01 16:28:13 | INFO | ML | Create clean view.........
2026-07-01 16:28:13 | INFO | ML | Creating clean modeling view
2026-07-01 16:28:13 | INFO | ML | Clean view: 10 rows, 6 columns
2026-07-01 16:28:13 | INFO | ML | Train supervised model....
2026-07-01 16:28:13 | INFO | ML | Training LinearRegression model
2026-07-01 16:28:13 | INFO | ML | Mean absolute error: 0.48
2026-07-01 16:28:13 | INFO | ML | R-squared: 1.00
2026-07-01 16:28:13 | INFO | ML | Predict one case..........
2026-07-01 16:28:13 | INFO | ML | Predicting one new case
2026-07-01 16:28:13 | INFO | ML | New case:
   hours_studied  practice_quizzes  attendance_pct  sleep_hours  prior_score
0            6.5                 4              92          7.0           72
2026-07-01 16:28:13 | INFO | ML | Predicted score: 83.4
2026-07-01 16:28:13 | INFO | ML | Create charts.............
2026-07-01 16:28:13 | INFO | ML | Creating chart: hours studied vs score
2026-07-01 16:28:15 | INFO | ML | Creating chart: model coefficients
2026-07-01 16:28:15 | INFO | ML | Got a figure Figure(900x500) and axes Axes(0.125,0.11;0.775x0.77) from plt.subplots().
2026-07-01 16:28:15 | INFO | ML | Summarize workflow........
2026-07-01 16:28:15 | INFO | ML | ========================
2026-07-01 16:28:15 | INFO | ML | SUMMARY
2026-07-01 16:28:15 | INFO | ML | ========================
2026-07-01 16:28:15 | INFO | ML | Dataset: hours_scores_case
2026-07-01 16:28:15 | INFO | ML | Original rows: 10
2026-07-01 16:28:15 | INFO | ML | Clean rows: 10
2026-07-01 16:28:15 | INFO | ML | Features: ['hours_studied', 'practice_quizzes', 'attendance_pct', 'sleep_hours', 'prior_score']
2026-07-01 16:28:15 | INFO | ML | Target: score
2026-07-01 16:28:15 | INFO | ML | ----- in a script, call plt.show() once at the end to display all charts -----
2026-07-01 16:28:15 | INFO | ML | ----- in a script, CLOSE the chart windows with the close button to CONTINUE -----
2026-07-01 16:28:46 | INFO | ML | Workflow complete
2026-07-01 16:28:46 | INFO | ML | IMPORTANT: This script creates chart windows.
2026-07-01 16:28:46 | INFO | ML | Close chart windows and terminate this process with CTRL+c as needed.
2026-07-01 16:28:46 | INFO | ML | ========================
2026-07-01 16:28:46 | INFO | ML | Executed successfully!
2026-07-01 16:28:46 | INFO | ML | ========================
2026-07-01 16:31:51 | INFO | M01 | === RUN START ===
2026-07-01 16:31:51 | INFO | M01 | project=M01
2026-07-01 16:31:51 | INFO | M01 | repo_dir=ml-01-intro
2026-07-01 16:31:51 | INFO | M01 | python=3.14.4
2026-07-01 16:31:51 | INFO | M01 | os=Windows 11
2026-07-01 16:31:51 | INFO | M01 | shell=powershell
2026-07-01 16:31:51 | INFO | M01 | cwd=notebooks
2026-07-01 16:31:51 | INFO | M01 | github_actions=False
2026-07-01 16:31:51 | INFO | M01 | Confirming installation:
2026-07-01 16:31:51 | INFO | M01 |   python:       3.14.4
2026-07-01 16:31:51 | INFO | M01 |   pandas:       3.0.3
2026-07-01 16:31:51 | INFO | M01 |   numpy:        2.5.0
2026-07-01 16:31:51 | INFO | M01 |   scikit-learn: 1.9.0
2026-07-01 16:31:51 | INFO | M01 |   seaborn:      0.13.2
2026-07-01 16:31:51 | INFO | M01 |   matplotlib:   3.11.0
2026-07-01 16:31:51 | INFO | M01 | Built-in Seaborn datasets: ['anagrams', 'anscombe', 'attention', 'brain_networks', 'car_crashes', 'diamonds', 'dots', 'dowjones', 'exercise', 'flights', 'fmri', 'geyser', 'glue', 'healthexp', 'iris', 'mpg', 'penguins', 'planets', 'seaice', 'taxis', 'tips', 'titanic']
2026-07-01 16:31:51 | INFO | M01 | Loading dataset: penguins
2026-07-01 16:31:51 | INFO | M01 | Loaded: 344 rows (instances), 7 columns
2026-07-01 16:31:51 | INFO | M01 | Instances (rows): 344
2026-07-01 16:31:51 | INFO | M01 | Columns:          7
2026-07-01 16:31:51 | INFO | M01 | Numeric columns (regression target / numeric feature): ['bill_length_mm', 'bill_depth_mm', 'flipper_length_mm', 'body_mass_g']
2026-07-01 16:31:51 | INFO | M01 | Categorical columns (classification target / category): ['species', 'island', 'sex']
2026-07-01 16:31:51 | INFO | M01 | Missing values by column:
species               0
island                0
bill_length_mm        2
bill_depth_mm         2
flipper_length_mm     2
body_mass_g           2
sex                  11
dtype: int64
2026-07-01 16:31:51 | INFO | M01 | Missing values across all columns: 19
2026-07-01 16:31:51 | DEBUG | M01 | First rows:
2026-07-01 16:31:51 | DEBUG | M01 | 
  species     island  bill_length_mm  bill_depth_mm  flipper_length_mm  body_mass_g     sex
0  Adelie  Torgersen            39.1           18.7              181.0       3750.0    Male
1  Adelie  Torgersen            39.5           17.4              186.0       3800.0  Female
2  Adelie  Torgersen            40.3           18.0              195.0       3250.0  Female
3  Adelie  Torgersen             NaN            NaN                NaN          NaN     NaN
4  Adelie  Torgersen            36.7           19.3              193.0       3450.0  Female
2026-07-01 16:31:52 | INFO | M01 | Chosen target (y): species
2026-07-01 16:31:52 | INFO | M01 | Target is numeric? False
2026-07-01 16:31:52 | INFO | M01 | Implied problem type: classification (we want to predict a category)
2026-07-01 16:31:52 | INFO | M01 | Candidate features (X): ['island', 'bill_length_mm', 'bill_depth_mm', 'flipper_length_mm', 'body_mass_g', 'sex']
2026-07-01 16:31:52 | INFO | M01 | ========================
2026-07-01 16:31:52 | INFO | M01 | SUMMARY OF KEY FACTS
2026-07-01 16:31:52 | INFO | M01 | ========================
2026-07-01 16:31:52 | INFO | M01 | Dataset:           penguins
2026-07-01 16:31:52 | INFO | M01 | Instances:         344
2026-07-01 16:31:52 | INFO | M01 | Candidate target:  species
2026-07-01 16:31:52 | INFO | M01 | Problem type:      classification (we want to predict a category)
2026-07-01 16:31:52 | INFO | M01 | Candidate features: ['island', 'bill_length_mm', 'bill_depth_mm', 'flipper_length_mm', 'body_mass_g', 'sex']
2026-07-01 16:31:52 | INFO | M01 | ========================
2026-07-01 16:32:25 | INFO | M01 | === RUN START ===
2026-07-01 16:32:25 | INFO | M01 | project=M01
2026-07-01 16:32:25 | INFO | M01 | repo_dir=ml-01-intro
2026-07-01 16:32:25 | INFO | M01 | python=3.14.4
2026-07-01 16:32:25 | INFO | M01 | os=Windows 11
2026-07-01 16:32:25 | INFO | M01 | shell=powershell
2026-07-01 16:32:25 | INFO | M01 | cwd=notebooks
2026-07-01 16:32:25 | INFO | M01 | github_actions=False
2026-07-01 16:32:25 | INFO | M01 | Confirming installation:
2026-07-01 16:32:25 | INFO | M01 |   python:       3.14.4
2026-07-01 16:32:25 | INFO | M01 |   pandas:       3.0.3
2026-07-01 16:32:25 | INFO | M01 |   numpy:        2.5.0
2026-07-01 16:32:25 | INFO | M01 |   scikit-learn: 1.9.0
2026-07-01 16:32:25 | INFO | M01 |   seaborn:      0.13.2
2026-07-01 16:32:25 | INFO | M01 |   matplotlib:   3.11.0
2026-07-01 16:32:25 | INFO | M01 | Built-in Seaborn datasets: ['anagrams', 'anscombe', 'attention', 'brain_networks', 'car_crashes', 'diamonds', 'dots', 'dowjones', 'exercise', 'flights', 'fmri', 'geyser', 'glue', 'healthexp', 'iris', 'mpg', 'penguins', 'planets', 'seaice', 'taxis', 'tips', 'titanic']
2026-07-01 16:32:25 | INFO | M01 | Loading dataset: penguins
2026-07-01 16:32:25 | INFO | M01 | Loaded: 344 rows (instances), 7 columns
2026-07-01 16:32:25 | INFO | M01 | Instances (rows): 344
2026-07-01 16:32:25 | INFO | M01 | Columns:          7
2026-07-01 16:32:25 | INFO | M01 | Numeric columns (regression target / numeric feature): ['bill_length_mm', 'bill_depth_mm', 'flipper_length_mm', 'body_mass_g']
2026-07-01 16:32:25 | INFO | M01 | Categorical columns (classification target / category): ['species', 'island', 'sex']
2026-07-01 16:32:25 | INFO | M01 | Missing values by column:
species               0
island                0
bill_length_mm        2
bill_depth_mm         2
flipper_length_mm     2
body_mass_g           2
sex                  11
dtype: int64
2026-07-01 16:32:25 | INFO | M01 | Missing values across all columns: 19
2026-07-01 16:32:25 | DEBUG | M01 | First rows:
2026-07-01 16:32:25 | DEBUG | M01 | 
  species     island  bill_length_mm  bill_depth_mm  flipper_length_mm  body_mass_g     sex
0  Adelie  Torgersen            39.1           18.7              181.0       3750.0    Male
1  Adelie  Torgersen            39.5           17.4              186.0       3800.0  Female
2  Adelie  Torgersen            40.3           18.0              195.0       3250.0  Female
3  Adelie  Torgersen             NaN            NaN                NaN          NaN     NaN
4  Adelie  Torgersen            36.7           19.3              193.0       3450.0  Female
2026-07-01 16:32:25 | INFO | M01 | Chosen target (y): species
2026-07-01 16:32:25 | INFO | M01 | Target is numeric? False
2026-07-01 16:32:25 | INFO | M01 | Implied problem type: classification (we want to predict a category)
2026-07-01 16:32:25 | INFO | M01 | Candidate features (X): ['island', 'bill_length_mm', 'bill_depth_mm', 'flipper_length_mm', 'body_mass_g', 'sex']
2026-07-01 16:32:25 | INFO | M01 | ========================
2026-07-01 16:32:25 | INFO | M01 | SUMMARY OF KEY FACTS
2026-07-01 16:32:25 | INFO | M01 | ========================
2026-07-01 16:32:25 | INFO | M01 | Dataset:           penguins
2026-07-01 16:32:25 | INFO | M01 | Instances:         344
2026-07-01 16:32:25 | INFO | M01 | Candidate target:  species
2026-07-01 16:32:25 | INFO | M01 | Problem type:      classification (we want to predict a category)
2026-07-01 16:32:25 | INFO | M01 | Candidate features: ['island', 'bill_length_mm', 'bill_depth_mm', 'flipper_length_mm', 'body_mass_g', 'sex']
2026-07-01 16:32:25 | INFO | M01 | ========================
2026-07-01 16:40:41 | INFO | ML | === RUN START ===
2026-07-01 16:40:41 | INFO | ML | project=ML
2026-07-01 16:40:41 | INFO | ML | repo_dir=ml-01-intro
2026-07-01 16:40:41 | INFO | ML | python=3.14.4
2026-07-01 16:40:41 | INFO | ML | os=Windows 11
2026-07-01 16:40:41 | INFO | ML | shell=powershell
2026-07-01 16:40:41 | INFO | ML | cwd=.
2026-07-01 16:40:41 | INFO | ML | github_actions=False
2026-07-02 20:53:36 | INFO | ML | === RUN START ===
2026-07-02 20:53:36 | INFO | ML | project=ML
2026-07-02 20:53:36 | INFO | ML | repo_dir=ml-01-intro
2026-07-02 20:53:36 | INFO | ML | python=3.14.4
2026-07-02 20:53:36 | INFO | ML | os=Windows 11
2026-07-02 20:53:36 | INFO | ML | shell=powershell
2026-07-02 20:53:36 | INFO | ML | cwd=.
2026-07-02 20:53:36 | INFO | ML | github_actions=False
2026-07-02 20:53:36 | INFO | ML | === RUN START ===
2026-07-02 20:53:36 | INFO | ML | project=ML
2026-07-02 20:53:36 | INFO | ML | repo_dir=ml-01-intro
2026-07-02 20:53:36 | INFO | ML | python=3.14.4
2026-07-02 20:53:36 | INFO | ML | os=Windows 11
2026-07-02 20:53:36 | INFO | ML | shell=powershell
2026-07-02 20:53:36 | INFO | ML | cwd=.
2026-07-02 20:53:36 | INFO | ML | github_actions=False
2026-07-02 20:53:36 | INFO | ML | ========================
2026-07-02 20:53:36 | INFO | ML | START main()
2026-07-02 20:53:36 | INFO | ML | ========================
2026-07-02 20:53:36 | INFO | ML | Load dataset..............
2026-07-02 20:53:36 | INFO | ML | Loading dataset: hours_scores_sabri
2026-07-02 20:53:36 | INFO | ML | Loaded: 10 rows, 6 columns
2026-07-02 20:53:36 | DEBUG | ML | 
   hours_studied  practice_quizzes  attendance_pct  sleep_hours  prior_score  score
0            2.0                 1              72          6.0           58     62
1            3.5                 2              80          6.5           61     68
2            4.0                 3              85          7.0           64     72
3            5.0                 3              88          7.5           66     76
4            6.0                 4              90          7.0           70     81
2026-07-02 20:53:36 | INFO | ML | Inspect dataset...........
2026-07-02 20:53:36 | INFO | ML | Column names
2026-07-02 20:53:36 | DEBUG | ML | ['hours_studied', 'practice_quizzes', 'attendance_pct', 'sleep_hours', 'prior_score', 'score']
2026-07-02 20:53:36 | INFO | ML | DataFrame info
2026-07-02 20:53:36 | INFO | ML | Dataset shape: 10 rows, 6 columns
2026-07-02 20:53:36 | INFO | ML | Check data quality........
2026-07-02 20:53:36 | INFO | ML | Missing values by column
2026-07-02 20:53:36 | DEBUG | ML | 
hours_studied       0
practice_quizzes    0
attendance_pct      0
sleep_hours         0
prior_score         0
score               0
dtype: int64
2026-07-02 20:53:36 | INFO | ML | Duplicate row count: 0
2026-07-02 20:53:36 | INFO | ML | Create clean view.........
2026-07-02 20:53:36 | INFO | ML | Creating clean modeling view
2026-07-02 20:53:36 | INFO | ML | Clean view: 10 rows, 6 columns
2026-07-02 20:53:36 | INFO | ML | Train supervised model....
2026-07-02 20:53:36 | INFO | ML | Training LinearRegression model
2026-07-02 20:53:36 | INFO | ML | Mean absolute error: 0.48
2026-07-02 20:53:36 | INFO | ML | R-squared: 1.00
2026-07-02 20:53:36 | INFO | ML | Predict one case..........
2026-07-02 20:53:36 | INFO | ML | Predicting one new case
2026-07-02 20:53:36 | INFO | ML | New case:
   hours_studied  practice_quizzes  attendance_pct  sleep_hours  prior_score
0            6.5                 4              92          7.0           72
2026-07-02 20:53:36 | INFO | ML | Predicted score: 83.4
2026-07-02 20:53:36 | INFO | ML | Create charts.............
2026-07-02 20:53:36 | INFO | ML | Creating chart: hours studied vs score
2026-07-02 20:53:37 | INFO | ML | Creating chart: model coefficients
2026-07-02 20:53:38 | INFO | ML | Got a figure Figure(900x500) and axes Axes(0.125,0.11;0.775x0.77) from plt.subplots().
2026-07-02 20:53:38 | INFO | ML | Summarize workflow........
2026-07-02 20:53:38 | INFO | ML | ========================
2026-07-02 20:53:38 | INFO | ML | SUMMARY
2026-07-02 20:53:38 | INFO | ML | ========================
2026-07-02 20:53:38 | INFO | ML | Dataset: hours_scores_sabri
2026-07-02 20:53:38 | INFO | ML | Original rows: 10
2026-07-02 20:53:38 | INFO | ML | Clean rows: 10
2026-07-02 20:53:38 | INFO | ML | Features: ['hours_studied', 'practice_quizzes', 'attendance_pct', 'sleep_hours', 'prior_score']
2026-07-02 20:53:38 | INFO | ML | Target: score
2026-07-02 20:53:38 | INFO | ML | ----- in a script, call plt.show() once at the end to display all charts -----
2026-07-02 20:53:38 | INFO | ML | ----- in a script, CLOSE the chart windows with the close button to CONTINUE -----
2026-07-02 20:54:03 | INFO | ML | Workflow complete
2026-07-02 20:54:03 | INFO | ML | IMPORTANT: This script creates chart windows.
2026-07-02 20:54:03 | INFO | ML | Close chart windows and terminate this process with CTRL+c as needed.
2026-07-02 20:54:03 | INFO | ML | ========================
2026-07-02 20:54:03 | INFO | ML | Executed successfully!
2026-07-02 20:54:03 | INFO | ML | ========================
2026-07-02 20:58:29 | INFO | ML | === RUN START ===
2026-07-02 20:58:29 | INFO | ML | project=ML
2026-07-02 20:58:29 | INFO | ML | repo_dir=ml-01-intro
2026-07-02 20:58:29 | INFO | ML | python=3.14.4
2026-07-02 20:58:29 | INFO | ML | os=Windows 11
2026-07-02 20:58:29 | INFO | ML | shell=powershell
2026-07-02 20:58:29 | INFO | ML | cwd=.
2026-07-02 20:58:29 | INFO | ML | github_actions=False
2026-07-02 20:58:29 | INFO | ML | === RUN START ===
2026-07-02 20:58:29 | INFO | ML | project=ML
2026-07-02 20:58:29 | INFO | ML | repo_dir=ml-01-intro
2026-07-02 20:58:29 | INFO | ML | python=3.14.4
2026-07-02 20:58:29 | INFO | ML | os=Windows 11
2026-07-02 20:58:29 | INFO | ML | shell=powershell
2026-07-02 20:58:29 | INFO | ML | cwd=.
2026-07-02 20:58:29 | INFO | ML | github_actions=False
2026-07-02 20:58:29 | INFO | ML | ========================
2026-07-02 20:58:29 | INFO | ML | START main()
2026-07-02 20:58:29 | INFO | ML | ========================
2026-07-02 20:58:29 | INFO | ML | Load dataset..............
2026-07-02 20:58:29 | INFO | ML | Loading dataset: hours_scores_sabri
2026-07-02 20:58:29 | INFO | ML | Loaded: 10 rows, 6 columns
2026-07-02 20:58:29 | DEBUG | ML | 
   hours_studied  practice_quizzes  attendance_pct  sleep_hours  prior_score  score
0            2.0                 1              72          6.0           58     62
1            3.5                 2              80          6.5           61     68
2            4.0                 3              85          7.0           64     72
3            5.0                 3              88          7.5           66     76
4            6.0                 4              90          7.0           70     81
2026-07-02 20:58:29 | INFO | ML | Inspect dataset...........
2026-07-02 20:58:29 | INFO | ML | Column names
2026-07-02 20:58:29 | DEBUG | ML | ['hours_studied', 'practice_quizzes', 'attendance_pct', 'sleep_hours', 'prior_score', 'score']
2026-07-02 20:58:29 | INFO | ML | DataFrame info
2026-07-02 20:58:29 | INFO | ML | Dataset shape: 10 rows, 6 columns
2026-07-02 20:58:29 | INFO | ML | Check data quality........
2026-07-02 20:58:29 | INFO | ML | Missing values by column
2026-07-02 20:58:29 | DEBUG | ML | 
hours_studied       0
practice_quizzes    0
attendance_pct      0
sleep_hours         0
prior_score         0
score               0
dtype: int64
2026-07-02 20:58:29 | INFO | ML | Duplicate row count: 0
2026-07-02 20:58:29 | INFO | ML | Create clean view.........
2026-07-02 20:58:29 | INFO | ML | Creating clean modeling view
2026-07-02 20:58:29 | INFO | ML | Clean view: 10 rows, 6 columns
2026-07-02 20:58:29 | INFO | ML | Train supervised model....
2026-07-02 20:58:29 | INFO | ML | Training LinearRegression model
2026-07-02 20:58:29 | INFO | ML | Mean absolute error: 0.48
2026-07-02 20:58:29 | INFO | ML | R-squared: 1.00
2026-07-02 20:58:29 | INFO | ML | Predict one case..........
2026-07-02 20:58:29 | INFO | ML | Predicting one new case
2026-07-02 20:58:29 | INFO | ML | New case:
   hours_studied  practice_quizzes  attendance_pct  sleep_hours  prior_score
0            6.5                 4              92          7.0           72
2026-07-02 20:58:29 | INFO | ML | Predicted score: 83.4
2026-07-02 20:58:29 | INFO | ML | Create charts.............
2026-07-02 20:58:29 | INFO | ML | Creating chart: hours studied vs score
2026-07-02 20:58:30 | INFO | ML | Creating chart: model coefficients
2026-07-02 20:58:30 | INFO | ML | Got a figure Figure(900x500) and axes Axes(0.125,0.11;0.775x0.77) from plt.subplots().
2026-07-02 20:58:30 | INFO | ML | Summarize workflow........
2026-07-02 20:58:30 | INFO | ML | ========================
2026-07-02 20:58:30 | INFO | ML | SUMMARY
2026-07-02 20:58:30 | INFO | ML | ========================
2026-07-02 20:58:30 | INFO | ML | Dataset: hours_scores_sabri
2026-07-02 20:58:30 | INFO | ML | Original rows: 10
2026-07-02 20:58:30 | INFO | ML | Clean rows: 10
2026-07-02 20:58:30 | INFO | ML | Features: ['hours_studied', 'practice_quizzes', 'attendance_pct', 'sleep_hours', 'prior_score']
2026-07-02 20:58:30 | INFO | ML | Target: score
2026-07-02 20:58:30 | INFO | ML | ----- in a script, call plt.show() once at the end to display all charts -----
2026-07-02 20:58:30 | INFO | ML | ----- in a script, CLOSE the chart windows with the close button to CONTINUE -----
2026-07-02 20:58:36 | INFO | ML | Workflow complete
2026-07-02 20:58:36 | INFO | ML | IMPORTANT: This script creates chart windows.
2026-07-02 20:58:36 | INFO | ML | Close chart windows and terminate this process with CTRL+c as needed.
2026-07-02 20:58:36 | INFO | ML | ========================
2026-07-02 20:58:36 | INFO | ML | Executed successfully!
2026-07-02 20:58:36 | INFO | ML | ========================
2026-07-02 21:27:53 | INFO | ML | === RUN START ===
2026-07-02 21:27:53 | INFO | ML | project=ML
2026-07-02 21:27:53 | INFO | ML | repo_dir=ml-01-intro
2026-07-02 21:27:53 | INFO | ML | python=3.14.4
2026-07-02 21:27:53 | INFO | ML | os=Windows 11
2026-07-02 21:27:53 | INFO | ML | shell=powershell
2026-07-02 21:27:53 | INFO | ML | cwd=.
2026-07-02 21:27:53 | INFO | ML | github_actions=False
2026-07-02 21:27:53 | INFO | ML | START main()
2026-07-02 21:27:53 | INFO | ML | Load dataset..............
2026-07-02 21:27:53 | INFO | ML | Loading dataset: data\raw\hours_scores_sabri.csv
2026-07-02 21:27:53 | INFO | ML | Loaded: 10 rows, 6 columns
2026-07-02 21:27:53 | DEBUG | ML | 
   hours_studied  practice_quizzes  attendance_pct  sleep_hours  prior_score  score
0            2.0                 1              72          6.0           58     62
1            3.5                 2              80          6.5           61     68
2            4.0                 3              85          7.0           64     72
3            5.0                 3              88          7.5           66     76
4            6.0                 4              90          7.0           70     81
2026-07-02 21:27:53 | INFO | ML | Inspect dataset...........
2026-07-02 21:27:53 | INFO | ML | Column names
2026-07-02 21:27:53 | DEBUG | ML | ['hours_studied', 'practice_quizzes', 'attendance_pct', 'sleep_hours', 'prior_score', 'score']
2026-07-02 21:27:53 | INFO | ML | DataFrame info
2026-07-02 21:27:53 | INFO | ML | Dataset shape: 10 rows, 6 columns
2026-07-02 21:27:53 | INFO | ML | Check data quality........
2026-07-02 21:27:53 | INFO | ML | Missing values by column
2026-07-02 21:27:53 | DEBUG | ML | 
hours_studied       0
practice_quizzes    0
attendance_pct      0
sleep_hours         0
prior_score         0
score               0
dtype: int64
2026-07-02 21:27:53 | INFO | ML | Duplicate row count: 0
2026-07-02 21:27:53 | INFO | ML | Create clean view.........
2026-07-02 21:27:53 | INFO | ML | Creating clean modeling view
2026-07-02 21:27:53 | INFO | ML | Added derived feature: study_engagement
2026-07-02 21:27:53 | DEBUG | ML | 
   hours_studied  attendance_pct  study_engagement
0            2.0              72              1.44
1            3.5              80              2.80
2            4.0              85              3.40
3            5.0              88              4.40
4            6.0              90              5.40
2026-07-02 21:27:53 | INFO | ML | Clean view: 10 rows, 7 columns
2026-07-02 21:27:53 | INFO | ML | Train supervised model....
2026-07-02 21:27:53 | INFO | ML | Training LinearRegression model
2026-07-02 21:27:53 | INFO | ML | Mean absolute error: 0.48
2026-07-02 21:27:53 | INFO | ML | R-squared: 1.00
2026-07-02 21:27:53 | INFO | ML | Predict one case...........
2026-07-02 21:27:53 | INFO | ML | Predicting one new case
2026-07-02 21:27:53 | INFO | ML | New case:
   hours_studied  practice_quizzes  attendance_pct  sleep_hours  prior_score  study_engagement
0            6.5                 4            92.0          7.0         72.0              5.98
2026-07-02 21:27:53 | INFO | ML | Predicted score: 83.4
2026-07-02 21:27:54 | INFO | ML | Create charts..............
2026-07-02 21:27:54 | INFO | ML | Creating chart: hours studied vs score
2026-07-02 21:27:54 | INFO | ML | Creating chart: model coefficients
2026-07-02 21:27:54 | INFO | ML | Summarize workflow.........
2026-07-02 21:27:54 | INFO | ML | === RUN START ===
2026-07-02 21:27:54 | INFO | ML | project=SUMMARY
2026-07-02 21:27:54 | INFO | ML | repo_dir=ml-01-intro
2026-07-02 21:27:54 | INFO | ML | python=3.14.4
2026-07-02 21:27:54 | INFO | ML | os=Windows 11
2026-07-02 21:27:54 | INFO | ML | shell=powershell
2026-07-02 21:27:54 | INFO | ML | cwd=.
2026-07-02 21:27:54 | INFO | ML | github_actions=False
2026-07-02 21:27:54 | INFO | ML | Dataset: data\raw\hours_scores_sabri.csv
2026-07-02 21:27:54 | INFO | ML | Original rows: 10
2026-07-02 21:27:54 | INFO | ML | Clean rows: 10
2026-07-02 21:27:54 | INFO | ML | Features: ['hours_studied', 'practice_quizzes', 'attendance_pct', 'sleep_hours', 'prior_score', 'study_engagement']
2026-07-02 21:27:54 | INFO | ML | Target: score
2026-07-02 21:27:54 | INFO | ML | Close the chart windows to finish the program.
2026-07-02 21:28:02 | INFO | ML | === RUN START ===
2026-07-02 21:28:02 | INFO | ML | project=Executed successfully!
2026-07-02 21:28:02 | INFO | ML | repo_dir=ml-01-intro
2026-07-02 21:28:02 | INFO | ML | python=3.14.4
2026-07-02 21:28:02 | INFO | ML | os=Windows 11
2026-07-02 21:28:02 | INFO | ML | shell=powershell
2026-07-02 21:28:02 | INFO | ML | cwd=.
2026-07-02 21:28:02 | INFO | ML | github_actions=False
2026-07-02 21:35:29 | INFO | ML | === RUN START ===
2026-07-02 21:35:29 | INFO | ML | project=ML
2026-07-02 21:35:29 | INFO | ML | repo_dir=ml-01-intro
2026-07-02 21:35:29 | INFO | ML | python=3.14.4
2026-07-02 21:35:29 | INFO | ML | os=Windows 11
2026-07-02 21:35:29 | INFO | ML | shell=powershell
2026-07-02 21:35:29 | INFO | ML | cwd=.
2026-07-02 21:35:29 | INFO | ML | github_actions=False
2026-07-02 21:35:29 | INFO | ML | START main()
2026-07-02 21:35:29 | INFO | ML | Load dataset..............
2026-07-02 21:35:29 | INFO | ML | Loading dataset: data\raw\hours_scores_sabri.csv
2026-07-02 21:35:29 | INFO | ML | Loaded: 10 rows, 6 columns
2026-07-02 21:35:29 | DEBUG | ML | 
   hours_studied  practice_quizzes  attendance_pct  sleep_hours  prior_score  score
0            2.0                 1              72          6.0           58     62
1            3.5                 2              80          6.5           61     68
2            4.0                 3              85          7.0           64     72
3            5.0                 3              88          7.5           66     76
4            6.0                 4              90          7.0           70     81
2026-07-02 21:35:29 | INFO | ML | Inspect dataset...........
2026-07-02 21:35:29 | INFO | ML | Column names
2026-07-02 21:35:29 | DEBUG | ML | ['hours_studied', 'practice_quizzes', 'attendance_pct', 'sleep_hours', 'prior_score', 'score']
2026-07-02 21:35:29 | INFO | ML | DataFrame info
2026-07-02 21:35:29 | INFO | ML | Dataset shape: 10 rows, 6 columns
2026-07-02 21:35:29 | INFO | ML | Check data quality........
2026-07-02 21:35:29 | INFO | ML | Missing values by column
2026-07-02 21:35:29 | DEBUG | ML | 
hours_studied       0
practice_quizzes    0
attendance_pct      0
sleep_hours         0
prior_score         0
score               0
dtype: int64
2026-07-02 21:35:29 | INFO | ML | Duplicate row count: 0
2026-07-02 21:35:29 | INFO | ML | Create clean view.........
2026-07-02 21:35:29 | INFO | ML | Creating clean modeling view
2026-07-02 21:35:29 | INFO | ML | Added derived feature: study_engagement
2026-07-02 21:35:29 | DEBUG | ML | 
   hours_studied  attendance_pct  study_engagement
0            2.0              72              1.44
1            3.5              80              2.80
2            4.0              85              3.40
3            5.0              88              4.40
4            6.0              90              5.40
2026-07-02 21:35:29 | INFO | ML | Clean view: 10 rows, 7 columns
2026-07-02 21:35:29 | INFO | ML | Train supervised model....
2026-07-02 21:35:29 | INFO | ML | Training LinearRegression model
2026-07-02 21:35:29 | INFO | ML | Mean absolute error: 0.48
2026-07-02 21:35:29 | INFO | ML | R-squared: 1.00
2026-07-02 21:35:29 | INFO | ML | Predict one case...........
2026-07-02 21:35:29 | INFO | ML | Predicting one new case
2026-07-02 21:35:29 | INFO | ML | New case:
   hours_studied  practice_quizzes  attendance_pct  sleep_hours  prior_score  study_engagement
0            6.5                 4            92.0          7.0         72.0              5.98
2026-07-02 21:35:29 | INFO | ML | Predicted score: 83.4
2026-07-02 21:35:29 | INFO | ML | Create charts..............
2026-07-02 21:35:29 | INFO | ML | Creating chart: hours studied vs score
2026-07-02 21:35:30 | INFO | ML | Creating chart: model coefficients
2026-07-02 21:35:30 | INFO | ML | Model coefficients:
            feature  coefficient
5  study_engagement    -0.314961
3       sleep_hours    -0.071391
2    attendance_pct     0.097638
1  practice_quizzes     0.277690
4       prior_score     0.374278
0     hours_studied     3.309186
2026-07-02 21:35:30 | INFO | ML | Charts saved in: docs\images
2026-07-02 21:35:30 | INFO | ML | Summarize workflow.........
2026-07-02 21:35:30 | INFO | ML | === RUN START ===
2026-07-02 21:35:30 | INFO | ML | project=SUMMARY
2026-07-02 21:35:30 | INFO | ML | repo_dir=ml-01-intro
2026-07-02 21:35:30 | INFO | ML | python=3.14.4
2026-07-02 21:35:30 | INFO | ML | os=Windows 11
2026-07-02 21:35:30 | INFO | ML | shell=powershell
2026-07-02 21:35:30 | INFO | ML | cwd=.
2026-07-02 21:35:30 | INFO | ML | github_actions=False
2026-07-02 21:35:30 | INFO | ML | Dataset: data\raw\hours_scores_sabri.csv
2026-07-02 21:35:30 | INFO | ML | Original rows: 10
2026-07-02 21:35:30 | INFO | ML | Clean rows: 10
2026-07-02 21:35:30 | INFO | ML | Features: ['hours_studied', 'practice_quizzes', 'attendance_pct', 'sleep_hours', 'prior_score', 'study_engagement']
2026-07-02 21:35:30 | INFO | ML | Target: score
2026-07-02 21:35:30 | INFO | ML | Close the chart windows to finish the program.
2026-07-02 21:35:48 | INFO | ML | === RUN START ===
2026-07-02 21:35:48 | INFO | ML | project=Executed successfully!
2026-07-02 21:35:48 | INFO | ML | repo_dir=ml-01-intro
2026-07-02 21:35:48 | INFO | ML | python=3.14.4
2026-07-02 21:35:48 | INFO | ML | os=Windows 11
2026-07-02 21:35:48 | INFO | ML | shell=powershell
2026-07-02 21:35:48 | INFO | ML | cwd=.
2026-07-02 21:35:48 | INFO | ML | github_actions=False
2026-07-02 21:37:57 | INFO | ML | === RUN START ===
2026-07-02 21:37:57 | INFO | ML | project=ML
2026-07-02 21:37:57 | INFO | ML | repo_dir=ml-01-intro
2026-07-02 21:37:57 | INFO | ML | python=3.14.4
2026-07-02 21:37:57 | INFO | ML | os=Windows 11
2026-07-02 21:37:57 | INFO | ML | shell=powershell
2026-07-02 21:37:57 | INFO | ML | cwd=.
2026-07-02 21:37:57 | INFO | ML | github_actions=False
